2023-04-27 05:25:42.962 INFO  (main) [   ] o.e.j.u.log Logging initialized @236ms
2023-04-27 05:25:43.074 INFO  (main) [   ] o.e.j.s.Server jetty-9.2.13.v20150730
2023-04-27 05:25:43.084 WARN  (main) [   ] o.e.j.s.h.RequestLogHandler !RequestLog
2023-04-27 05:25:43.085 INFO  (main) [   ] o.e.j.d.p.ScanningAppProvider Deployment monitor [file:/var/www/html/Final%20Complete%20projects/cake_dockerised_FINAL/solr/server/contexts/] at interval 0
2023-04-27 05:25:43.353 INFO  (main) [   ] o.e.j.w.StandardDescriptorProcessor NO JSP Support for /solr, did not find org.apache.jasper.servlet.JspServlet
2023-04-27 05:25:43.359 WARN  (main) [   ] o.e.j.s.SecurityHandler ServletContext@o.e.j.w.WebAppContext@57baeedf{/solr,file:/var/www/html/Final%20Complete%20projects/cake_dockerised_FINAL/solr/server/solr-webapp/webapp/,STARTING}{/var/www/html/Final Complete projects/cake_dockerised_FINAL/solr/server/solr-webapp/webapp} has uncovered http methods for path: /
2023-04-27 05:25:43.366 INFO  (main) [   ] o.a.s.s.SolrDispatchFilter SolrDispatchFilter.init(): WebAppClassLoader=1076496284@402a079c
2023-04-27 05:25:43.380 INFO  (main) [   ] o.a.s.c.SolrResourceLoader JNDI not configured for solr (NoInitialContextEx)
2023-04-27 05:25:43.380 INFO  (main) [   ] o.a.s.c.SolrResourceLoader using system property solr.solr.home: /var/www/html/Final Complete projects/cake_dockerised_FINAL/solr/server/solr
2023-04-27 05:25:43.381 INFO  (main) [   ] o.a.s.c.SolrResourceLoader new SolrResourceLoader for directory: '/var/www/html/Final Complete projects/cake_dockerised_FINAL/solr/server/solr'
2023-04-27 05:25:43.381 INFO  (main) [   ] o.a.s.c.SolrResourceLoader JNDI not configured for solr (NoInitialContextEx)
2023-04-27 05:25:43.381 INFO  (main) [   ] o.a.s.c.SolrResourceLoader using system property solr.solr.home: /var/www/html/Final Complete projects/cake_dockerised_FINAL/solr/server/solr
2023-04-27 05:25:43.385 INFO  (main) [   ] o.a.s.c.SolrXmlConfig Loading container configuration from /var/www/html/Final Complete projects/cake_dockerised_FINAL/solr/server/solr/solr.xml
2023-04-27 05:25:43.440 INFO  (main) [   ] o.a.s.c.CorePropertiesLocator Config-defined core root directory: /var/www/html/Final Complete projects/cake_dockerised_FINAL/solr/server/solr
2023-04-27 05:25:43.461 INFO  (main) [   ] o.a.s.c.CoreContainer New CoreContainer 824208363
2023-04-27 05:25:43.461 INFO  (main) [   ] o.a.s.c.CoreContainer Loading cores into CoreContainer [instanceDir=/var/www/html/Final Complete projects/cake_dockerised_FINAL/solr/server/solr]
2023-04-27 05:25:43.461 WARN  (main) [   ] o.a.s.c.CoreContainer Couldn't add files from /var/www/html/Final Complete projects/cake_dockerised_FINAL/solr/server/solr/lib to classpath: /var/www/html/Final Complete projects/cake_dockerised_FINAL/solr/server/solr/lib
2023-04-27 05:25:43.470 INFO  (main) [   ] o.a.s.h.c.HttpShardHandlerFactory created with socketTimeout : 600000,connTimeout : 60000,maxConnectionsPerHost : 20,maxConnections : 10000,corePoolSize : 0,maximumPoolSize : 2147483647,maxThreadIdleTime : 5,sizeOfQueue : -1,fairnessPolicy : false,useRetries : false,
2023-04-27 05:25:43.638 INFO  (main) [   ] o.a.s.u.UpdateShardHandler Creating UpdateShardHandler HTTP client with params: socketTimeout=600000&connTimeout=60000&retry=true
2023-04-27 05:25:43.640 INFO  (main) [   ] o.a.s.l.LogWatcher SLF4J impl is org.slf4j.impl.Log4jLoggerFactory
2023-04-27 05:25:43.641 INFO  (main) [   ] o.a.s.l.LogWatcher Registering Log Listener [Log4j (org.slf4j.impl.Log4jLoggerFactory)]
2023-04-27 05:25:43.642 INFO  (main) [   ] o.a.s.c.CoreContainer Security conf doesn't exist. Skipping setup for authorization module.
2023-04-27 05:25:43.642 INFO  (main) [   ] o.a.s.c.CoreContainer No authentication plugin used.
2023-04-27 05:25:43.667 INFO  (main) [   ] o.a.s.c.CorePropertiesLocator Looking for core definitions underneath /var/www/html/Final Complete projects/cake_dockerised_FINAL/solr/server/solr
2023-04-27 05:25:43.669 INFO  (main) [   ] o.a.s.c.CoreDescriptor Created CoreDescriptor: {name=jsoncore, config=solrconfig.xml, loadOnStartup=true, schema=schema.xml, configSetProperties=configsetprops.json, transient=false, dataDir=data/}
2023-04-27 05:25:43.669 INFO  (main) [   ] o.a.s.c.CorePropertiesLocator Found core jsoncore in /var/www/html/Final Complete projects/cake_dockerised_FINAL/solr/server/solr/jsoncore
2023-04-27 05:25:43.670 INFO  (main) [   ] o.a.s.c.CoreDescriptor Created CoreDescriptor: {name=newcore, config=solrconfig.xml, loadOnStartup=true, schema=schema.xml, configSetProperties=configsetprops.json, transient=false, dataDir=data/}
2023-04-27 05:25:43.670 INFO  (main) [   ] o.a.s.c.CorePropertiesLocator Found core newcore in /var/www/html/Final Complete projects/cake_dockerised_FINAL/solr/server/solr/newcore
2023-04-27 05:25:43.671 INFO  (main) [   ] o.a.s.c.CoreDescriptor Created CoreDescriptor: {name=thirdcore, config=solrconfig.xml, loadOnStartup=true, schema=schema.xml, configSetProperties=configsetprops.json, transient=false, dataDir=data/}
2023-04-27 05:25:43.671 INFO  (main) [   ] o.a.s.c.CorePropertiesLocator Found core thirdcore in /var/www/html/Final Complete projects/cake_dockerised_FINAL/solr/server/solr/thirdcore
2023-04-27 05:25:43.672 INFO  (main) [   ] o.a.s.c.CoreDescriptor Created CoreDescriptor: {name=second_core, config=solrconfig.xml, loadOnStartup=true, schema=schema.xml, configSetProperties=configsetprops.json, transient=false, dataDir=data/}
2023-04-27 05:25:43.672 INFO  (main) [   ] o.a.s.c.CorePropertiesLocator Found core second_core in /var/www/html/Final Complete projects/cake_dockerised_FINAL/solr/server/solr/second_core
2023-04-27 05:25:43.673 INFO  (main) [   ] o.a.s.c.CoreDescriptor Created CoreDescriptor: {name=solr_cakephp, config=solrconfig.xml, loadOnStartup=true, schema=schema.xml, configSetProperties=configsetprops.json, transient=false, dataDir=data/}
2023-04-27 05:25:43.673 INFO  (main) [   ] o.a.s.c.CorePropertiesLocator Found core solr_cakephp in /var/www/html/Final Complete projects/cake_dockerised_FINAL/solr/server/solr/solr_cakephp
2023-04-27 05:25:43.673 INFO  (main) [   ] o.a.s.c.CoreDescriptor Created CoreDescriptor: {name=thirdcore, config=solrconfig.xml, loadOnStartup=true, schema=schema.xml, configSetProperties=configsetprops.json, transient=false, dataDir=data/}
2023-04-27 05:25:43.674 INFO  (main) [   ] o.a.s.c.CorePropertiesLocator Found core thirdcore in /var/www/html/Final Complete projects/cake_dockerised_FINAL/solr/server/solr/copy_paste_core
2023-04-27 05:25:43.674 INFO  (main) [   ] o.a.s.c.CoreDescriptor Created CoreDescriptor: {name=firstcore, config=solrconfig.xml, loadOnStartup=true, schema=schema.xml, configSetProperties=configsetprops.json, transient=false, dataDir=data/}
2023-04-27 05:25:43.674 INFO  (main) [   ] o.a.s.c.CorePropertiesLocator Found core firstcore in /var/www/html/Final Complete projects/cake_dockerised_FINAL/solr/server/solr/firstcore
2023-04-27 05:25:43.675 INFO  (main) [   ] o.a.s.c.CoreDescriptor Created CoreDescriptor: {name=new_core_one, config=solrconfig.xml, loadOnStartup=true, schema=schema.xml, configSetProperties=configsetprops.json, transient=false, dataDir=data/}
2023-04-27 05:25:43.675 INFO  (main) [   ] o.a.s.c.CorePropertiesLocator Found core new_core_one in /var/www/html/Final Complete projects/cake_dockerised_FINAL/solr/server/solr/new_core_one
2023-04-27 05:25:43.679 INFO  (main) [   ] o.a.s.c.CorePropertiesLocator Found 8 core definitions
2023-04-27 05:25:43.681 ERROR (main) [   ] o.a.s.s.SolrDispatchFilter Could not start Solr. Check solr/home property and the logs
2023-04-27 05:25:43.694 ERROR (main) [   ] o.a.s.c.SolrCore null:org.apache.solr.common.SolrException: Found multiple cores with the name [thirdcore], with instancedirs [/var/www/html/Final Complete projects/cake_dockerised_FINAL/solr/server/solr/thirdcore] and [/var/www/html/Final Complete projects/cake_dockerised_FINAL/solr/server/solr/copy_paste_core]
	at org.apache.solr.core.CoreContainer.checkForDuplicateCoreNames(CoreContainer.java:531)
	at org.apache.solr.core.CoreContainer.load(CoreContainer.java:448)
	at org.apache.solr.servlet.SolrDispatchFilter.createCoreContainer(SolrDispatchFilter.java:133)
	at org.apache.solr.servlet.SolrDispatchFilter.init(SolrDispatchFilter.java:109)
	at org.eclipse.jetty.servlet.FilterHolder.initialize(FilterHolder.java:138)
	at org.eclipse.jetty.servlet.ServletHandler.initialize(ServletHandler.java:852)
	at org.eclipse.jetty.servlet.ServletContextHandler.startContext(ServletContextHandler.java:298)
	at org.eclipse.jetty.webapp.WebAppContext.startWebapp(WebAppContext.java:1349)
	at org.eclipse.jetty.webapp.WebAppContext.startContext(WebAppContext.java:1342)
	at org.eclipse.jetty.server.handler.ContextHandler.doStart(ContextHandler.java:741)
	at org.eclipse.jetty.webapp.WebAppContext.doStart(WebAppContext.java:505)
	at org.eclipse.jetty.util.component.AbstractLifeCycle.start(AbstractLifeCycle.java:68)
	at org.eclipse.jetty.deploy.bindings.StandardStarter.processBinding(StandardStarter.java:41)
	at org.eclipse.jetty.deploy.AppLifeCycle.runBindings(AppLifeCycle.java:186)
	at org.eclipse.jetty.deploy.DeploymentManager.requestAppGoal(DeploymentManager.java:498)
	at org.eclipse.jetty.deploy.DeploymentManager.addApp(DeploymentManager.java:146)
	at org.eclipse.jetty.deploy.providers.ScanningAppProvider.fileAdded(ScanningAppProvider.java:180)
	at org.eclipse.jetty.deploy.providers.WebAppProvider.fileAdded(WebAppProvider.java:461)
	at org.eclipse.jetty.deploy.providers.ScanningAppProvider$1.fileAdded(ScanningAppProvider.java:64)
	at org.eclipse.jetty.util.Scanner.reportAddition(Scanner.java:609)
	at org.eclipse.jetty.util.Scanner.reportDifferences(Scanner.java:528)
	at org.eclipse.jetty.util.Scanner.scan(Scanner.java:391)
	at org.eclipse.jetty.util.Scanner.doStart(Scanner.java:313)
	at org.eclipse.jetty.util.component.AbstractLifeCycle.start(AbstractLifeCycle.java:68)
	at org.eclipse.jetty.deploy.providers.ScanningAppProvider.doStart(ScanningAppProvider.java:150)
	at org.eclipse.jetty.util.component.AbstractLifeCycle.start(AbstractLifeCycle.java:68)
	at org.eclipse.jetty.deploy.DeploymentManager.startAppProvider(DeploymentManager.java:560)
	at org.eclipse.jetty.deploy.DeploymentManager.doStart(DeploymentManager.java:235)
	at org.eclipse.jetty.util.component.AbstractLifeCycle.start(AbstractLifeCycle.java:68)
	at org.eclipse.jetty.util.component.ContainerLifeCycle.start(ContainerLifeCycle.java:132)
	at org.eclipse.jetty.server.Server.start(Server.java:387)
	at org.eclipse.jetty.util.component.ContainerLifeCycle.doStart(ContainerLifeCycle.java:114)
	at org.eclipse.jetty.server.handler.AbstractHandler.doStart(AbstractHandler.java:61)
	at org.eclipse.jetty.server.Server.doStart(Server.java:354)
	at org.eclipse.jetty.util.component.AbstractLifeCycle.start(AbstractLifeCycle.java:68)
	at org.eclipse.jetty.xml.XmlConfiguration$1.run(XmlConfiguration.java:1255)
	at java.security.AccessController.doPrivileged(Native Method)
	at org.eclipse.jetty.xml.XmlConfiguration.main(XmlConfiguration.java:1174)
	at sun.reflect.NativeMethodAccessorImpl.invoke0(Native Method)
	at sun.reflect.NativeMethodAccessorImpl.invoke(NativeMethodAccessorImpl.java:62)
	at sun.reflect.DelegatingMethodAccessorImpl.invoke(DelegatingMethodAccessorImpl.java:43)
	at java.lang.reflect.Method.invoke(Method.java:498)
	at org.eclipse.jetty.start.Main.invokeMain(Main.java:321)
	at org.eclipse.jetty.start.Main.start(Main.java:817)
	at org.eclipse.jetty.start.Main.main(Main.java:112)

2023-04-27 05:25:43.694 INFO  (main) [   ] o.a.s.s.SolrDispatchFilter SolrDispatchFilter.init() done
2023-04-27 05:25:43.700 INFO  (main) [   ] o.e.j.s.h.ContextHandler Started o.e.j.w.WebAppContext@57baeedf{/solr,file:/var/www/html/Final%20Complete%20projects/cake_dockerised_FINAL/solr/server/solr-webapp/webapp/,AVAILABLE}{/var/www/html/Final Complete projects/cake_dockerised_FINAL/solr/server/solr-webapp/webapp}
2023-04-27 05:25:43.746 INFO  (main) [   ] o.e.j.s.ServerConnector Started ServerConnector@5bda8e08{HTTP/1.1}{0.0.0.0:8983}
2023-04-27 05:25:43.747 INFO  (main) [   ] o.e.j.s.Server Started @1022ms
2023-04-27 05:25:48.253 INFO  (qtp766572210-16) [   ] o.a.s.s.HttpSolrCall [admin] webapp=null path=/admin/cores params={indexInfo=false&wt=json&_=1682573148244} status=0 QTime=6
2023-04-27 05:25:48.290 INFO  (qtp766572210-22) [   ] o.a.s.s.HttpSolrCall [admin] webapp=null path=/admin/info/system params={wt=json&_=1682573148266} status=0 QTime=23
2023-04-27 05:25:50.959 INFO  (qtp766572210-19) [   ] o.a.s.s.HttpSolrCall [admin] webapp=null path=/admin/cores params={indexInfo=false&wt=json&_=1682573150958} status=0 QTime=0
2023-04-27 05:25:50.970 INFO  (qtp766572210-16) [   ] o.a.s.s.HttpSolrCall [admin] webapp=null path=/admin/info/system params={wt=json&_=1682573150965} status=0 QTime=3
2023-04-27 05:25:52.372 INFO  (qtp766572210-21) [   ] o.a.s.s.HttpSolrCall [admin] webapp=null path=/admin/info/logging params={wt=json&_=1682572899242&since=0} status=0 QTime=1
2023-04-27 05:25:52.392 INFO  (qtp766572210-19) [   ] o.a.s.s.HttpSolrCall [admin] webapp=null path=/admin/cores params={indexInfo=false&wt=json&_=1682573152390} status=0 QTime=0
2023-04-27 05:25:52.402 INFO  (qtp766572210-16) [   ] o.a.s.s.HttpSolrCall [admin] webapp=null path=/admin/info/system params={wt=json&_=1682573152397} status=0 QTime=3
2023-04-27 05:25:53.153 INFO  (qtp766572210-21) [   ] o.a.s.s.HttpSolrCall [admin] webapp=null path=/admin/cores params={indexInfo=false&wt=json&_=1682573153151} status=0 QTime=0
2023-04-27 05:25:53.164 INFO  (qtp766572210-19) [   ] o.a.s.s.HttpSolrCall [admin] webapp=null path=/admin/info/system params={wt=json&_=1682573153157} status=0 QTime=4
2023-04-27 05:25:53.744 INFO  (qtp766572210-20) [   ] o.a.s.s.HttpSolrCall [admin] webapp=null path=/admin/cores params={indexInfo=false&wt=json&_=1682573153742} status=0 QTime=0
2023-04-27 05:25:53.754 INFO  (qtp766572210-21) [   ] o.a.s.s.HttpSolrCall [admin] webapp=null path=/admin/info/system params={wt=json&_=1682573153749} status=0 QTime=4
2023-04-27 05:25:54.940 INFO  (qtp766572210-22) [   ] o.a.s.s.HttpSolrCall [admin] webapp=null path=/admin/cores params={indexInfo=false&wt=json&_=1682573154939} status=0 QTime=0
2023-04-27 05:25:54.951 INFO  (qtp766572210-20) [   ] o.a.s.s.HttpSolrCall [admin] webapp=null path=/admin/info/system params={wt=json&_=1682573154946} status=0 QTime=3
2023-04-27 05:25:55.189 INFO  (qtp766572210-16) [   ] o.a.s.s.HttpSolrCall [admin] webapp=null path=/admin/cores params={indexInfo=false&wt=json&_=1682573155187} status=0 QTime=0
2023-04-27 05:25:55.199 INFO  (qtp766572210-22) [   ] o.a.s.s.HttpSolrCall [admin] webapp=null path=/admin/info/system params={wt=json&_=1682573155194} status=0 QTime=3
2023-04-27 05:25:55.416 INFO  (qtp766572210-19) [   ] o.a.s.s.HttpSolrCall [admin] webapp=null path=/admin/cores params={indexInfo=false&wt=json&_=1682573155414} status=0 QTime=0
2023-04-27 05:25:55.426 INFO  (qtp766572210-16) [   ] o.a.s.s.HttpSolrCall [admin] webapp=null path=/admin/info/system params={wt=json&_=1682573155420} status=0 QTime=4
2023-04-27 05:25:55.861 INFO  (qtp766572210-21) [   ] o.a.s.s.HttpSolrCall [admin] webapp=null path=/admin/cores params={indexInfo=false&wt=json&_=1682573155860} status=0 QTime=0
2023-04-27 05:25:55.870 INFO  (qtp766572210-19) [   ] o.a.s.s.HttpSolrCall [admin] webapp=null path=/admin/info/system params={wt=json&_=1682573155865} status=0 QTime=3
2023-04-27 05:25:56.023 INFO  (qtp766572210-20) [   ] o.a.s.s.HttpSolrCall [admin] webapp=null path=/admin/cores params={indexInfo=false&wt=json&_=1682573156022} status=0 QTime=0
2023-04-27 05:25:56.033 INFO  (qtp766572210-21) [   ] o.a.s.s.HttpSolrCall [admin] webapp=null path=/admin/info/system params={wt=json&_=1682573156028} status=0 QTime=3
2023-04-27 05:25:56.205 INFO  (qtp766572210-22) [   ] o.a.s.s.HttpSolrCall [admin] webapp=null path=/admin/cores params={indexInfo=false&wt=json&_=1682573156204} status=0 QTime=0
2023-04-27 05:25:56.222 INFO  (qtp766572210-20) [   ] o.a.s.s.HttpSolrCall [admin] webapp=null path=/admin/info/system params={wt=json&_=1682573156217} status=0 QTime=3
2023-04-27 05:25:56.404 INFO  (qtp766572210-16) [   ] o.a.s.s.HttpSolrCall [admin] webapp=null path=/admin/cores params={indexInfo=false&wt=json&_=1682573156402} status=0 QTime=0
2023-04-27 05:25:56.414 INFO  (qtp766572210-22) [   ] o.a.s.s.HttpSolrCall [admin] webapp=null path=/admin/info/system params={wt=json&_=1682573156408} status=0 QTime=3
2023-04-27 05:25:56.635 INFO  (qtp766572210-19) [   ] o.a.s.s.HttpSolrCall [admin] webapp=null path=/admin/cores params={indexInfo=false&wt=json&_=1682573156634} status=0 QTime=0
2023-04-27 05:25:56.645 INFO  (qtp766572210-16) [   ] o.a.s.s.HttpSolrCall [admin] webapp=null path=/admin/info/system params={wt=json&_=1682573156640} status=0 QTime=4
2023-04-27 05:25:56.946 INFO  (qtp766572210-21) [   ] o.a.s.s.HttpSolrCall [admin] webapp=null path=/admin/cores params={indexInfo=false&wt=json&_=1682573156945} status=0 QTime=0
2023-04-27 05:25:56.957 INFO  (qtp766572210-19) [   ] o.a.s.s.HttpSolrCall [admin] webapp=null path=/admin/info/system params={wt=json&_=1682573156951} status=0 QTime=3
2023-04-27 05:25:57.168 INFO  (qtp766572210-20) [   ] o.a.s.s.HttpSolrCall [admin] webapp=null path=/admin/cores params={indexInfo=false&wt=json&_=1682573157167} status=0 QTime=0
2023-04-27 05:25:57.178 INFO  (qtp766572210-21) [   ] o.a.s.s.HttpSolrCall [admin] webapp=null path=/admin/info/system params={wt=json&_=1682573157173} status=0 QTime=3
2023-04-27 05:25:57.324 INFO  (qtp766572210-22) [   ] o.a.s.s.HttpSolrCall [admin] webapp=null path=/admin/cores params={indexInfo=false&wt=json&_=1682573157322} status=0 QTime=0
2023-04-27 05:25:57.336 INFO  (qtp766572210-20) [   ] o.a.s.s.HttpSolrCall [admin] webapp=null path=/admin/info/system params={wt=json&_=1682573157329} status=0 QTime=5
2023-04-27 05:25:57.463 INFO  (qtp766572210-16) [   ] o.a.s.s.HttpSolrCall [admin] webapp=null path=/admin/cores params={indexInfo=false&wt=json&_=1682573157461} status=0 QTime=0
2023-04-27 05:25:57.473 INFO  (qtp766572210-22) [   ] o.a.s.s.HttpSolrCall [admin] webapp=null path=/admin/info/system params={wt=json&_=1682573157468} status=0 QTime=3
2023-04-27 05:26:00.722 INFO  (qtp766572210-19) [   ] o.a.s.s.HttpSolrCall [admin] webapp=null path=/admin/cores params={indexInfo=false&wt=json&_=1682573160720} status=0 QTime=0
2023-04-27 05:26:00.733 INFO  (qtp766572210-16) [   ] o.a.s.s.HttpSolrCall [admin] webapp=null path=/admin/info/system params={wt=json&_=1682573160728} status=0 QTime=3
2023-04-27 05:26:01.123 INFO  (qtp766572210-21) [   ] o.a.s.s.HttpSolrCall [admin] webapp=null path=/admin/cores params={indexInfo=false&wt=json&_=1682573161122} status=0 QTime=0
2023-04-27 05:26:01.133 INFO  (qtp766572210-19) [   ] o.a.s.s.HttpSolrCall [admin] webapp=null path=/admin/info/system params={wt=json&_=1682573161128} status=0 QTime=3
2023-04-27 05:26:01.319 INFO  (qtp766572210-20) [   ] o.a.s.s.HttpSolrCall [admin] webapp=null path=/admin/cores params={indexInfo=false&wt=json&_=1682573161317} status=0 QTime=0
2023-04-27 05:26:01.328 INFO  (qtp766572210-21) [   ] o.a.s.s.HttpSolrCall [admin] webapp=null path=/admin/info/system params={wt=json&_=1682573161323} status=0 QTime=4
2023-04-27 05:26:01.874 INFO  (qtp766572210-22) [   ] o.a.s.s.HttpSolrCall [admin] webapp=null path=/admin/cores params={indexInfo=false&wt=json&_=1682573161872} status=0 QTime=0
2023-04-27 05:26:01.882 INFO  (qtp766572210-20) [   ] o.a.s.s.HttpSolrCall [admin] webapp=null path=/admin/info/system params={wt=json&_=1682573161878} status=0 QTime=3
2023-04-27 05:26:02.139 INFO  (qtp766572210-16) [   ] o.a.s.s.HttpSolrCall [admin] webapp=null path=/admin/cores params={indexInfo=false&wt=json&_=1682573162138} status=0 QTime=0
2023-04-27 05:26:02.149 INFO  (qtp766572210-22) [   ] o.a.s.s.HttpSolrCall [admin] webapp=null path=/admin/info/system params={wt=json&_=1682573162144} status=0 QTime=3
2023-04-27 05:26:02.309 INFO  (qtp766572210-19) [   ] o.a.s.s.HttpSolrCall [admin] webapp=null path=/admin/cores params={indexInfo=false&wt=json&_=1682573162307} status=0 QTime=0
2023-04-27 05:26:02.319 INFO  (qtp766572210-16) [   ] o.a.s.s.HttpSolrCall [admin] webapp=null path=/admin/info/system params={wt=json&_=1682573162314} status=0 QTime=3
2023-04-27 05:26:03.105 INFO  (qtp766572210-20) [   ] o.a.s.s.HttpSolrCall [admin] webapp=null path=/admin/cores params={wt=json&_=1682573163098} status=0 QTime=0
2023-04-27 05:26:03.374 INFO  (qtp766572210-19) [   ] o.a.s.s.HttpSolrCall [admin] webapp=null path=/admin/info/logging params={wt=json&_=1682572899242&since=0} status=0 QTime=0
2023-04-27 05:26:05.528 INFO  (qtp766572210-22) [   ] o.a.s.s.HttpSolrCall [admin] webapp=null path=/admin/cores params={indexInfo=false&wt=json&_=1682573165526} status=0 QTime=0
2023-04-27 05:26:05.538 INFO  (qtp766572210-20) [   ] o.a.s.s.HttpSolrCall [admin] webapp=null path=/admin/info/system params={wt=json&_=1682573165532} status=0 QTime=4
2023-04-27 05:26:05.543 INFO  (qtp766572210-21) [   ] o.a.s.s.HttpSolrCall [admin] webapp=null path=/admin/cores params={wt=json&_=1682573165542} status=0 QTime=0
2023-04-27 05:26:14.375 INFO  (qtp766572210-16) [   ] o.a.s.s.HttpSolrCall [admin] webapp=null path=/admin/info/logging params={wt=json&_=1682572899242&since=0} status=0 QTime=0
2023-04-27 05:26:24.213 INFO  (qtp766572210-22) [   ] o.a.s.s.HttpSolrCall [admin] webapp=null path=/admin/cores params={indexInfo=false&wt=json&_=1682573184212} status=0 QTime=0
2023-04-27 05:26:24.223 INFO  (qtp766572210-20) [   ] o.a.s.s.HttpSolrCall [admin] webapp=null path=/admin/info/system params={wt=json&_=1682573184218} status=0 QTime=3
2023-04-27 05:26:24.228 INFO  (qtp766572210-21) [   ] o.a.s.s.HttpSolrCall [admin] webapp=null path=/admin/cores params={wt=json&_=1682573184227} status=0 QTime=0
2023-04-27 05:26:25.373 INFO  (qtp766572210-16) [   ] o.a.s.s.HttpSolrCall [admin] webapp=null path=/admin/info/logging params={wt=json&_=1682572899242&since=0} status=0 QTime=0
2023-04-27 05:26:26.696 INFO  (qtp766572210-21) [   ] o.a.s.s.HttpSolrCall [admin] webapp=null path=/admin/cores params={indexInfo=false&wt=json&_=1682573186694} status=0 QTime=0
2023-04-27 05:26:26.707 INFO  (qtp766572210-19) [   ] o.a.s.s.HttpSolrCall [admin] webapp=null path=/admin/info/system params={wt=json&_=1682573186703} status=0 QTime=2
2023-04-27 05:26:29.379 INFO  (qtp766572210-22) [   ] o.a.s.s.HttpSolrCall [admin] webapp=null path=/admin/info/logging params={wt=json&_=1682571680081&since=0} status=0 QTime=0
2023-04-27 05:26:29.386 INFO  (qtp766572210-20) [   ] o.a.s.s.HttpSolrCall [admin] webapp=null path=/admin/info/logging params={wt=json&_=1682571671135&since=0} status=0 QTime=0
2023-04-27 05:26:36.373 INFO  (qtp766572210-21) [   ] o.a.s.s.HttpSolrCall [admin] webapp=null path=/admin/info/logging params={wt=json&_=1682572899242&since=0} status=0 QTime=0
2023-04-27 05:26:44.737 INFO  (qtp766572210-19) [   ] o.a.s.s.HttpSolrCall [admin] webapp=null path=/admin/cores params={indexInfo=false&wt=json&_=1682573204735} status=0 QTime=0
2023-04-27 05:26:44.749 INFO  (qtp766572210-16) [   ] o.a.s.s.HttpSolrCall [admin] webapp=null path=/admin/info/system params={wt=json&_=1682573204745} status=0 QTime=3
2023-04-27 05:27:06.205 INFO  (ShutdownMonitor) [   ] o.e.j.s.ServerConnector Stopped ServerConnector@5bda8e08{HTTP/1.1}{0.0.0.0:8983}
2023-04-27 05:27:06.205 INFO  (ShutdownMonitor) [   ] o.a.s.c.CoreContainer Shutting down CoreContainer instance=824208363
2023-04-27 05:27:06.208 INFO  (ShutdownMonitor) [   ] o.e.j.s.h.ContextHandler Stopped o.e.j.w.WebAppContext@57baeedf{/solr,file:/var/www/html/Final%20Complete%20projects/cake_dockerised_FINAL/solr/server/solr-webapp/webapp/,UNAVAILABLE}{/var/www/html/Final Complete projects/cake_dockerised_FINAL/solr/server/solr-webapp/webapp}
