OpenJDK 64-Bit Server VM (25.362-b09) for linux-amd64 JRE (1.8.0_362-8u362-ga-0ubuntu1~22.04-b09), built on Jan 24 2023 19:02:58 by "buildd" with gcc 11.3.0
Memory: 4k page, physical 32636936k(22800572k free), swap 2097148k(2097148k free)
CommandLine flags: -XX:CMSInitiatingOccupancyFraction=50 -XX:CMSMaxAbortablePrecleanTime=6000 -XX:+CMSParallelRemarkEnabled -XX:+CMSScavengeBeforeRemark -XX:ConcGCThreads=4 -XX:InitialHeapSize=536870912 -XX:MaxHeapSize=536870912 -XX:MaxTenuringThreshold=8 -XX:NewRatio=3 -XX:OldPLABSize=16 -XX:ParallelGCThreads=4 -XX:+ParallelRefProcEnabled -XX:PretenureSizeThreshold=67108864 -XX:+PrintGC -XX:+PrintGCApplicationStoppedTime -XX:+PrintGCDateStamps -XX:+PrintGCDetails -XX:+PrintGCTimeStamps -XX:+PrintHeapAtGC -XX:+PrintTenuringDistribution -XX:SurvivorRatio=4 -XX:TargetSurvivorRatio=90 -XX:ThreadStackSize=256 -XX:+UseCMSInitiatingOccupancyOnly -XX:+UseCompressedClassPointers -XX:+UseCompressedOops -XX:+UseConcMarkSweepGC -XX:+UseParNewGC 
2023-04-27T10:55:42.824+0530: 0.100: Total time for which application threads were stopped: 0.0000702 seconds, Stopping threads took: 0.0000143 seconds
2023-04-27T10:55:42.963+0530: 0.239: Total time for which application threads were stopped: 0.0001471 seconds, Stopping threads took: 0.0000127 seconds
2023-04-27T10:55:43.025+0530: 0.301: Total time for which application threads were stopped: 0.0001282 seconds, Stopping threads took: 0.0000154 seconds
2023-04-27T10:55:43.078+0530: 0.354: Total time for which application threads were stopped: 0.0001117 seconds, Stopping threads took: 0.0000088 seconds
2023-04-27T10:55:43.081+0530: 0.358: Total time for which application threads were stopped: 0.0000692 seconds, Stopping threads took: 0.0000058 seconds
2023-04-27T10:55:43.108+0530: 0.384: Total time for which application threads were stopped: 0.0001451 seconds, Stopping threads took: 0.0000155 seconds
2023-04-27T10:55:43.116+0530: 0.392: Total time for which application threads were stopped: 0.0001544 seconds, Stopping threads took: 0.0000178 seconds
2023-04-27T10:55:43.123+0530: 0.399: Total time for which application threads were stopped: 0.0001308 seconds, Stopping threads took: 0.0000151 seconds
{Heap before GC invocations=0 (full 0):
 par new generation   total 109248K, used 87424K [0x00000000e0000000, 0x00000000e8000000, 0x00000000e8000000)
  eden space 87424K, 100% used [0x00000000e0000000, 0x00000000e5560000, 0x00000000e5560000)
  from space 21824K,   0% used [0x00000000e5560000, 0x00000000e5560000, 0x00000000e6ab0000)
  to   space 21824K,   0% used [0x00000000e6ab0000, 0x00000000e6ab0000, 0x00000000e8000000)
 concurrent mark-sweep generation total 393216K, used 0K [0x00000000e8000000, 0x0000000100000000, 0x0000000100000000)
 Metaspace       used 10266K, capacity 10396K, committed 10496K, reserved 1058816K
  class space    used 1166K, capacity 1208K, committed 1280K, reserved 1048576K
2023-04-27T10:55:43.302+0530: 0.578: [GC (Allocation Failure) 2023-04-27T10:55:43.302+0530: 0.578: [ParNew
Desired survivor size 20112992 bytes, new threshold 8 (max 8)
- age   1:    6099256 bytes,    6099256 total
: 87424K->6025K(109248K), 0.0050803 secs] 87424K->6025K(502464K), 0.0051845 secs] [Times: user=0.02 sys=0.00, real=0.00 secs] 
Heap after GC invocations=1 (full 0):
 par new generation   total 109248K, used 6025K [0x00000000e0000000, 0x00000000e8000000, 0x00000000e8000000)
  eden space 87424K,   0% used [0x00000000e0000000, 0x00000000e0000000, 0x00000000e5560000)
  from space 21824K,  27% used [0x00000000e6ab0000, 0x00000000e70926a8, 0x00000000e8000000)
  to   space 21824K,   0% used [0x00000000e5560000, 0x00000000e5560000, 0x00000000e6ab0000)
 concurrent mark-sweep generation total 393216K, used 0K [0x00000000e8000000, 0x0000000100000000, 0x0000000100000000)
 Metaspace       used 10266K, capacity 10396K, committed 10496K, reserved 1058816K
  class space    used 1166K, capacity 1208K, committed 1280K, reserved 1048576K
}
2023-04-27T10:55:43.307+0530: 0.584: Total time for which application threads were stopped: 0.0053094 seconds, Stopping threads took: 0.0000152 seconds
2023-04-27T10:55:43.352+0530: 0.628: Total time for which application threads were stopped: 0.0001566 seconds, Stopping threads took: 0.0000135 seconds
2023-04-27T10:55:43.384+0530: 0.660: Total time for which application threads were stopped: 0.0001627 seconds, Stopping threads took: 0.0000108 seconds
2023-04-27T10:55:43.494+0530: 0.770: Total time for which application threads were stopped: 0.0001909 seconds, Stopping threads took: 0.0000105 seconds
2023-04-27T10:55:43.535+0530: 0.811: Total time for which application threads were stopped: 0.0002857 seconds, Stopping threads took: 0.0000238 seconds
2023-04-27T10:55:43.577+0530: 0.853: Total time for which application threads were stopped: 0.0001884 seconds, Stopping threads took: 0.0000146 seconds
2023-04-27T10:55:43.578+0530: 0.854: Total time for which application threads were stopped: 0.0001557 seconds, Stopping threads took: 0.0000097 seconds
2023-04-27T10:55:43.625+0530: 0.901: Total time for which application threads were stopped: 0.0003055 seconds, Stopping threads took: 0.0000202 seconds
2023-04-27T10:55:44.625+0530: 1.901: Total time for which application threads were stopped: 0.0002728 seconds, Stopping threads took: 0.0000457 seconds
2023-04-27T10:55:46.764+0530: 4.040: Total time for which application threads were stopped: 0.0001937 seconds, Stopping threads took: 0.0000195 seconds
2023-04-27T10:55:48.067+0530: 5.343: Total time for which application threads were stopped: 0.0000875 seconds, Stopping threads took: 0.0000229 seconds
2023-04-27T10:55:48.068+0530: 5.345: Total time for which application threads were stopped: 0.0000839 seconds, Stopping threads took: 0.0000255 seconds
2023-04-27T10:55:48.072+0530: 5.348: Total time for which application threads were stopped: 0.0000838 seconds, Stopping threads took: 0.0000221 seconds
2023-04-27T10:55:48.072+0530: 5.348: Total time for which application threads were stopped: 0.0000934 seconds, Stopping threads took: 0.0000392 seconds
2023-04-27T10:55:48.090+0530: 5.366: Total time for which application threads were stopped: 0.0002468 seconds, Stopping threads took: 0.0000143 seconds
2023-04-27T10:55:48.101+0530: 5.377: Total time for which application threads were stopped: 0.0000491 seconds, Stopping threads took: 0.0000142 seconds
2023-04-27T10:55:48.115+0530: 5.391: Total time for which application threads were stopped: 0.0002218 seconds, Stopping threads took: 0.0000166 seconds
2023-04-27T10:55:48.245+0530: 5.521: Total time for which application threads were stopped: 0.0000653 seconds, Stopping threads took: 0.0000142 seconds
2023-04-27T10:55:48.246+0530: 5.522: Total time for which application threads were stopped: 0.0000352 seconds, Stopping threads took: 0.0000108 seconds
2023-04-27T10:55:48.259+0530: 5.536: Total time for which application threads were stopped: 0.0000490 seconds, Stopping threads took: 0.0000115 seconds
2023-04-27T10:55:48.288+0530: 5.564: Total time for which application threads were stopped: 0.0002484 seconds, Stopping threads took: 0.0000163 seconds
2023-04-27T10:55:48.289+0530: 5.565: Total time for which application threads were stopped: 0.0000664 seconds, Stopping threads took: 0.0000154 seconds
2023-04-27T10:55:48.289+0530: 5.565: Total time for which application threads were stopped: 0.0000460 seconds, Stopping threads took: 0.0000105 seconds
2023-04-27T10:55:48.289+0530: 5.565: Total time for which application threads were stopped: 0.0000592 seconds, Stopping threads took: 0.0000300 seconds
2023-04-27T10:55:48.289+0530: 5.565: Total time for which application threads were stopped: 0.0000703 seconds, Stopping threads took: 0.0000202 seconds
2023-04-27T10:55:48.290+0530: 5.566: Total time for which application threads were stopped: 0.0001185 seconds, Stopping threads took: 0.0000894 seconds
2023-04-27T10:55:48.290+0530: 5.566: Total time for which application threads were stopped: 0.0000393 seconds, Stopping threads took: 0.0000099 seconds
2023-04-27T10:55:48.290+0530: 5.566: Total time for which application threads were stopped: 0.0000309 seconds, Stopping threads took: 0.0000082 seconds
2023-04-27T10:55:48.290+0530: 5.566: Total time for which application threads were stopped: 0.0000464 seconds, Stopping threads took: 0.0000182 seconds
2023-04-27T10:55:48.290+0530: 5.567: Total time for which application threads were stopped: 0.0000325 seconds, Stopping threads took: 0.0000144 seconds
2023-04-27T10:55:48.290+0530: 5.567: Total time for which application threads were stopped: 0.0000247 seconds, Stopping threads took: 0.0000061 seconds
2023-04-27T10:55:48.291+0530: 5.567: Total time for which application threads were stopped: 0.0000325 seconds, Stopping threads took: 0.0000148 seconds
2023-04-27T10:55:49.291+0530: 6.567: Total time for which application threads were stopped: 0.0002595 seconds, Stopping threads took: 0.0000645 seconds
2023-04-27T10:55:50.966+0530: 8.242: Total time for which application threads were stopped: 0.0000629 seconds, Stopping threads took: 0.0000157 seconds
2023-04-27T10:55:50.966+0530: 8.242: Total time for which application threads were stopped: 0.0000335 seconds, Stopping threads took: 0.0000149 seconds
2023-04-27T10:55:50.967+0530: 8.243: Total time for which application threads were stopped: 0.0000245 seconds, Stopping threads took: 0.0000067 seconds
2023-04-27T10:55:50.967+0530: 8.243: Total time for which application threads were stopped: 0.0000274 seconds, Stopping threads took: 0.0000127 seconds
2023-04-27T10:55:50.968+0530: 8.244: Total time for which application threads were stopped: 0.0000327 seconds, Stopping threads took: 0.0000166 seconds
2023-04-27T10:55:50.968+0530: 8.244: Total time for which application threads were stopped: 0.0000309 seconds, Stopping threads took: 0.0000133 seconds
2023-04-27T10:55:50.968+0530: 8.244: Total time for which application threads were stopped: 0.0000188 seconds, Stopping threads took: 0.0000039 seconds
2023-04-27T10:55:50.968+0530: 8.244: Total time for which application threads were stopped: 0.0000185 seconds, Stopping threads took: 0.0000035 seconds
2023-04-27T10:55:50.968+0530: 8.244: Total time for which application threads were stopped: 0.0000176 seconds, Stopping threads took: 0.0000036 seconds
2023-04-27T10:55:50.968+0530: 8.244: Total time for which application threads were stopped: 0.0000544 seconds, Stopping threads took: 0.0000035 seconds
2023-04-27T10:55:50.969+0530: 8.245: Total time for which application threads were stopped: 0.0000358 seconds, Stopping threads took: 0.0000089 seconds
2023-04-27T10:55:50.969+0530: 8.245: Total time for which application threads were stopped: 0.0000244 seconds, Stopping threads took: 0.0000058 seconds
2023-04-27T10:55:50.969+0530: 8.245: Total time for which application threads were stopped: 0.0000234 seconds, Stopping threads took: 0.0000057 seconds
2023-04-27T10:55:50.969+0530: 8.245: Total time for which application threads were stopped: 0.0000229 seconds, Stopping threads took: 0.0000054 seconds
2023-04-27T10:55:50.969+0530: 8.245: Total time for which application threads were stopped: 0.0000224 seconds, Stopping threads took: 0.0000050 seconds
2023-04-27T10:55:50.970+0530: 8.246: Total time for which application threads were stopped: 0.0000427 seconds, Stopping threads took: 0.0000219 seconds
2023-04-27T10:55:50.970+0530: 8.246: Total time for which application threads were stopped: 0.0000293 seconds, Stopping threads took: 0.0000120 seconds
2023-04-27T10:55:50.970+0530: 8.246: Total time for which application threads were stopped: 0.0000336 seconds, Stopping threads took: 0.0000146 seconds
2023-04-27T10:55:50.970+0530: 8.246: Total time for which application threads were stopped: 0.0000353 seconds, Stopping threads took: 0.0000163 seconds
2023-04-27T10:55:50.970+0530: 8.246: Total time for which application threads were stopped: 0.0000310 seconds, Stopping threads took: 0.0000139 seconds
2023-04-27T10:55:52.401+0530: 9.677: Total time for which application threads were stopped: 0.0000766 seconds, Stopping threads took: 0.0000160 seconds
2023-04-27T10:55:52.401+0530: 9.677: Total time for which application threads were stopped: 0.0000406 seconds, Stopping threads took: 0.0000086 seconds
2023-04-27T10:55:52.401+0530: 9.677: Total time for which application threads were stopped: 0.0000351 seconds, Stopping threads took: 0.0000070 seconds
2023-04-27T10:55:52.401+0530: 9.677: Total time for which application threads were stopped: 0.0000473 seconds, Stopping threads took: 0.0000168 seconds
2023-04-27T10:55:52.401+0530: 9.677: Total time for which application threads were stopped: 0.0000482 seconds, Stopping threads took: 0.0000190 seconds
2023-04-27T10:55:52.402+0530: 9.678: Total time for which application threads were stopped: 0.0000370 seconds, Stopping threads took: 0.0000155 seconds
2023-04-27T10:55:52.402+0530: 9.678: Total time for which application threads were stopped: 0.0000328 seconds, Stopping threads took: 0.0000139 seconds
2023-04-27T10:55:52.402+0530: 9.678: Total time for which application threads were stopped: 0.0000257 seconds, Stopping threads took: 0.0000072 seconds
2023-04-27T10:55:52.402+0530: 9.678: Total time for which application threads were stopped: 0.0000296 seconds, Stopping threads took: 0.0000125 seconds
2023-04-27T10:55:52.402+0530: 9.678: Total time for which application threads were stopped: 0.0000281 seconds, Stopping threads took: 0.0000125 seconds
2023-04-27T10:55:53.159+0530: 10.436: Total time for which application threads were stopped: 0.0000604 seconds, Stopping threads took: 0.0000174 seconds
2023-04-27T10:55:53.160+0530: 10.436: Total time for which application threads were stopped: 0.0000476 seconds, Stopping threads took: 0.0000155 seconds
2023-04-27T10:55:53.161+0530: 10.437: Total time for which application threads were stopped: 0.0000568 seconds, Stopping threads took: 0.0000176 seconds
2023-04-27T10:55:53.161+0530: 10.437: Total time for which application threads were stopped: 0.0000760 seconds, Stopping threads took: 0.0000539 seconds
2023-04-27T10:55:53.161+0530: 10.437: Total time for which application threads were stopped: 0.0000492 seconds, Stopping threads took: 0.0000219 seconds
2023-04-27T10:55:53.162+0530: 10.439: Total time for which application threads were stopped: 0.0000855 seconds, Stopping threads took: 0.0000194 seconds
2023-04-27T10:55:53.163+0530: 10.439: Total time for which application threads were stopped: 0.0000598 seconds, Stopping threads took: 0.0000106 seconds
2023-04-27T10:55:53.163+0530: 10.439: Total time for which application threads were stopped: 0.0001076 seconds, Stopping threads took: 0.0000743 seconds
2023-04-27T10:55:53.163+0530: 10.439: Total time for which application threads were stopped: 0.0000526 seconds, Stopping threads took: 0.0000193 seconds
2023-04-27T10:55:53.163+0530: 10.439: Total time for which application threads were stopped: 0.0000571 seconds, Stopping threads took: 0.0000215 seconds
2023-04-27T10:55:53.164+0530: 10.440: Total time for which application threads were stopped: 0.0000821 seconds, Stopping threads took: 0.0000515 seconds
2023-04-27T10:55:53.164+0530: 10.440: Total time for which application threads were stopped: 0.0000401 seconds, Stopping threads took: 0.0000183 seconds
2023-04-27T10:55:53.164+0530: 10.440: Total time for which application threads were stopped: 0.0000399 seconds, Stopping threads took: 0.0000150 seconds
2023-04-27T10:55:53.164+0530: 10.440: Total time for which application threads were stopped: 0.0000569 seconds, Stopping threads took: 0.0000160 seconds
2023-04-27T10:55:53.164+0530: 10.440: Total time for which application threads were stopped: 0.0000382 seconds, Stopping threads took: 0.0000123 seconds
2023-04-27T10:55:53.753+0530: 11.029: Total time for which application threads were stopped: 0.0001022 seconds, Stopping threads took: 0.0000202 seconds
2023-04-27T10:55:53.753+0530: 11.029: Total time for which application threads were stopped: 0.0001414 seconds, Stopping threads took: 0.0000456 seconds
2023-04-27T10:55:53.753+0530: 11.029: Total time for which application threads were stopped: 0.0000728 seconds, Stopping threads took: 0.0000261 seconds
2023-04-27T10:55:53.754+0530: 11.031: Total time for which application threads were stopped: 0.0000694 seconds, Stopping threads took: 0.0000274 seconds
2023-04-27T10:55:53.754+0530: 11.031: Total time for which application threads were stopped: 0.0000378 seconds, Stopping threads took: 0.0000142 seconds
2023-04-27T10:55:54.950+0530: 12.226: Total time for which application threads were stopped: 0.0000770 seconds, Stopping threads took: 0.0000202 seconds
2023-04-27T10:55:54.950+0530: 12.226: Total time for which application threads were stopped: 0.0000454 seconds, Stopping threads took: 0.0000103 seconds
2023-04-27T10:55:54.951+0530: 12.227: Total time for which application threads were stopped: 0.0000418 seconds, Stopping threads took: 0.0000109 seconds
2023-04-27T10:55:54.951+0530: 12.227: Total time for which application threads were stopped: 0.0000292 seconds, Stopping threads took: 0.0000075 seconds
2023-04-27T10:55:55.198+0530: 12.474: Total time for which application threads were stopped: 0.0000641 seconds, Stopping threads took: 0.0000169 seconds
2023-04-27T10:55:55.198+0530: 12.474: Total time for which application threads were stopped: 0.0000358 seconds, Stopping threads took: 0.0000089 seconds
2023-04-27T10:55:55.199+0530: 12.475: Total time for which application threads were stopped: 0.0000480 seconds, Stopping threads took: 0.0000139 seconds
2023-04-27T10:55:55.199+0530: 12.475: Total time for which application threads were stopped: 0.0000448 seconds, Stopping threads took: 0.0000207 seconds
2023-04-27T10:55:55.425+0530: 12.701: Total time for which application threads were stopped: 0.0000956 seconds, Stopping threads took: 0.0000246 seconds
2023-04-27T10:55:55.425+0530: 12.701: Total time for which application threads were stopped: 0.0000532 seconds, Stopping threads took: 0.0000123 seconds
2023-04-27T10:55:55.426+0530: 12.703: Total time for which application threads were stopped: 0.0000809 seconds, Stopping threads took: 0.0000363 seconds
2023-04-27T10:55:55.426+0530: 12.703: Total time for which application threads were stopped: 0.0000546 seconds, Stopping threads took: 0.0000285 seconds
2023-04-27T10:55:55.869+0530: 13.146: Total time for which application threads were stopped: 0.0000764 seconds, Stopping threads took: 0.0000298 seconds
2023-04-27T10:55:55.869+0530: 13.146: Total time for which application threads were stopped: 0.0000434 seconds, Stopping threads took: 0.0000166 seconds
2023-04-27T10:55:55.871+0530: 13.147: Total time for which application threads were stopped: 0.0000677 seconds, Stopping threads took: 0.0000231 seconds
2023-04-27T10:55:55.871+0530: 13.147: Total time for which application threads were stopped: 0.0000315 seconds, Stopping threads took: 0.0000091 seconds
2023-04-27T10:55:56.032+0530: 13.308: Total time for which application threads were stopped: 0.0000755 seconds, Stopping threads took: 0.0000186 seconds
2023-04-27T10:55:56.032+0530: 13.308: Total time for which application threads were stopped: 0.0000327 seconds, Stopping threads took: 0.0000077 seconds
2023-04-27T10:55:56.033+0530: 13.309: Total time for which application threads were stopped: 0.0000909 seconds, Stopping threads took: 0.0000275 seconds
2023-04-27T10:55:56.033+0530: 13.309: Total time for which application threads were stopped: 0.0000656 seconds, Stopping threads took: 0.0000102 seconds
2023-04-27T10:55:56.033+0530: 13.309: Total time for which application threads were stopped: 0.0000648 seconds, Stopping threads took: 0.0000219 seconds
{Heap before GC invocations=1 (full 0):
 par new generation   total 109248K, used 93449K [0x00000000e0000000, 0x00000000e8000000, 0x00000000e8000000)
  eden space 87424K, 100% used [0x00000000e0000000, 0x00000000e5560000, 0x00000000e5560000)
  from space 21824K,  27% used [0x00000000e6ab0000, 0x00000000e70926a8, 0x00000000e8000000)
  to   space 21824K,   0% used [0x00000000e5560000, 0x00000000e5560000, 0x00000000e6ab0000)
 concurrent mark-sweep generation total 393216K, used 0K [0x00000000e8000000, 0x0000000100000000, 0x0000000100000000)
 Metaspace       used 20038K, capacity 20426K, committed 20736K, reserved 1067008K
  class space    used 2335K, capacity 2479K, committed 2560K, reserved 1048576K
2023-04-27T10:55:56.205+0530: 13.482: [GC (Allocation Failure) 2023-04-27T10:55:56.205+0530: 13.482: [ParNew
Desired survivor size 20112992 bytes, new threshold 8 (max 8)
- age   1:    7256856 bytes,    7256856 total
- age   2:    2601360 bytes,    9858216 total
: 93449K->12220K(109248K), 0.0068595 secs] 93449K->12220K(502464K), 0.0069574 secs] [Times: user=0.03 sys=0.00, real=0.01 secs] 
Heap after GC invocations=2 (full 0):
 par new generation   total 109248K, used 12220K [0x00000000e0000000, 0x00000000e8000000, 0x00000000e8000000)
  eden space 87424K,   0% used [0x00000000e0000000, 0x00000000e0000000, 0x00000000e5560000)
  from space 21824K,  55% used [0x00000000e5560000, 0x00000000e614f1a0, 0x00000000e6ab0000)
  to   space 21824K,   0% used [0x00000000e6ab0000, 0x00000000e6ab0000, 0x00000000e8000000)
 concurrent mark-sweep generation total 393216K, used 0K [0x00000000e8000000, 0x0000000100000000, 0x0000000100000000)
 Metaspace       used 20038K, capacity 20426K, committed 20736K, reserved 1067008K
  class space    used 2335K, capacity 2479K, committed 2560K, reserved 1048576K
}
2023-04-27T10:55:56.212+0530: 13.489: Total time for which application threads were stopped: 0.0071050 seconds, Stopping threads took: 0.0000222 seconds
2023-04-27T10:55:56.221+0530: 13.497: Total time for which application threads were stopped: 0.0000612 seconds, Stopping threads took: 0.0000152 seconds
2023-04-27T10:55:56.221+0530: 13.497: Total time for which application threads were stopped: 0.0000340 seconds, Stopping threads took: 0.0000076 seconds
2023-04-27T10:55:56.222+0530: 13.498: Total time for which application threads were stopped: 0.0001351 seconds, Stopping threads took: 0.0001001 seconds
2023-04-27T10:55:56.222+0530: 13.498: Total time for which application threads were stopped: 0.0000627 seconds, Stopping threads took: 0.0000284 seconds
2023-04-27T10:55:56.413+0530: 13.689: Total time for which application threads were stopped: 0.0000962 seconds, Stopping threads took: 0.0000230 seconds
2023-04-27T10:55:56.413+0530: 13.689: Total time for which application threads were stopped: 0.0000487 seconds, Stopping threads took: 0.0000116 seconds
2023-04-27T10:55:56.414+0530: 13.690: Total time for which application threads were stopped: 0.0001091 seconds, Stopping threads took: 0.0000640 seconds
2023-04-27T10:55:56.414+0530: 13.690: Total time for which application threads were stopped: 0.0000724 seconds, Stopping threads took: 0.0000374 seconds
2023-04-27T10:55:56.644+0530: 13.920: Total time for which application threads were stopped: 0.0000640 seconds, Stopping threads took: 0.0000169 seconds
2023-04-27T10:55:56.644+0530: 13.920: Total time for which application threads were stopped: 0.0000471 seconds, Stopping threads took: 0.0000089 seconds
2023-04-27T10:55:56.646+0530: 13.922: Total time for which application threads were stopped: 0.0001001 seconds, Stopping threads took: 0.0000355 seconds
2023-04-27T10:55:56.646+0530: 13.922: Total time for which application threads were stopped: 0.0000588 seconds, Stopping threads took: 0.0000200 seconds
2023-04-27T10:55:56.956+0530: 14.232: Total time for which application threads were stopped: 0.0001086 seconds, Stopping threads took: 0.0000439 seconds
2023-04-27T10:55:56.956+0530: 14.232: Total time for which application threads were stopped: 0.0000910 seconds, Stopping threads took: 0.0000540 seconds
2023-04-27T10:55:56.957+0530: 14.233: Total time for which application threads were stopped: 0.0000605 seconds, Stopping threads took: 0.0000261 seconds
2023-04-27T10:55:56.957+0530: 14.233: Total time for which application threads were stopped: 0.0000406 seconds, Stopping threads took: 0.0000147 seconds
2023-04-27T10:55:57.177+0530: 14.453: Total time for which application threads were stopped: 0.0000598 seconds, Stopping threads took: 0.0000167 seconds
2023-04-27T10:55:57.177+0530: 14.453: Total time for which application threads were stopped: 0.0000344 seconds, Stopping threads took: 0.0000080 seconds
2023-04-27T10:55:57.178+0530: 14.454: Total time for which application threads were stopped: 0.0001047 seconds, Stopping threads took: 0.0000329 seconds
2023-04-27T10:55:57.178+0530: 14.454: Total time for which application threads were stopped: 0.0000464 seconds, Stopping threads took: 0.0000188 seconds
2023-04-27T10:55:57.335+0530: 14.612: Total time for which application threads were stopped: 0.0000556 seconds, Stopping threads took: 0.0000143 seconds
2023-04-27T10:55:57.336+0530: 14.612: Total time for which application threads were stopped: 0.0000528 seconds, Stopping threads took: 0.0000063 seconds
2023-04-27T10:55:57.337+0530: 14.613: Total time for which application threads were stopped: 0.0000573 seconds, Stopping threads took: 0.0000249 seconds
2023-04-27T10:55:57.337+0530: 14.613: Total time for which application threads were stopped: 0.0000423 seconds, Stopping threads took: 0.0000210 seconds
2023-04-27T10:55:57.472+0530: 14.748: Total time for which application threads were stopped: 0.0000679 seconds, Stopping threads took: 0.0000157 seconds
2023-04-27T10:55:57.472+0530: 14.748: Total time for which application threads were stopped: 0.0000527 seconds, Stopping threads took: 0.0000151 seconds
2023-04-27T10:55:57.473+0530: 14.749: Total time for which application threads were stopped: 0.0000698 seconds, Stopping threads took: 0.0000295 seconds
2023-04-27T10:55:57.473+0530: 14.749: Total time for which application threads were stopped: 0.0000402 seconds, Stopping threads took: 0.0000073 seconds
2023-04-27T10:56:00.732+0530: 18.008: Total time for which application threads were stopped: 0.0000697 seconds, Stopping threads took: 0.0000208 seconds
2023-04-27T10:56:00.732+0530: 18.008: Total time for which application threads were stopped: 0.0000337 seconds, Stopping threads took: 0.0000082 seconds
2023-04-27T10:56:00.733+0530: 18.009: Total time for which application threads were stopped: 0.0000868 seconds, Stopping threads took: 0.0000313 seconds
2023-04-27T10:56:00.733+0530: 18.009: Total time for which application threads were stopped: 0.0000488 seconds, Stopping threads took: 0.0000199 seconds
2023-04-27T10:56:01.132+0530: 18.408: Total time for which application threads were stopped: 0.0000779 seconds, Stopping threads took: 0.0000169 seconds
2023-04-27T10:56:01.132+0530: 18.408: Total time for which application threads were stopped: 0.0000371 seconds, Stopping threads took: 0.0000083 seconds
2023-04-27T10:56:01.133+0530: 18.409: Total time for which application threads were stopped: 0.0000535 seconds, Stopping threads took: 0.0000209 seconds
2023-04-27T10:56:01.133+0530: 18.409: Total time for which application threads were stopped: 0.0000430 seconds, Stopping threads took: 0.0000211 seconds
2023-04-27T10:56:01.327+0530: 18.603: Total time for which application threads were stopped: 0.0000848 seconds, Stopping threads took: 0.0000201 seconds
2023-04-27T10:56:01.327+0530: 18.603: Total time for which application threads were stopped: 0.0000510 seconds, Stopping threads took: 0.0000109 seconds
2023-04-27T10:56:01.328+0530: 18.604: Total time for which application threads were stopped: 0.0001400 seconds, Stopping threads took: 0.0000271 seconds
2023-04-27T10:56:01.328+0530: 18.604: Total time for which application threads were stopped: 0.0000919 seconds, Stopping threads took: 0.0000185 seconds
2023-04-27T10:56:01.328+0530: 18.605: Total time for which application threads were stopped: 0.0000539 seconds, Stopping threads took: 0.0000102 seconds
2023-04-27T10:56:02.329+0530: 19.605: Total time for which application threads were stopped: 0.0000548 seconds, Stopping threads took: 0.0000136 seconds
2023-04-27T10:56:03.119+0530: 20.396: Total time for which application threads were stopped: 0.0002505 seconds, Stopping threads took: 0.0000878 seconds
2023-04-27T10:56:04.120+0530: 21.396: Total time for which application threads were stopped: 0.0002115 seconds, Stopping threads took: 0.0000564 seconds
2023-04-27T10:56:05.536+0530: 22.812: Total time for which application threads were stopped: 0.0000597 seconds, Stopping threads took: 0.0000132 seconds
2023-04-27T10:56:05.536+0530: 22.813: Total time for which application threads were stopped: 0.0000433 seconds, Stopping threads took: 0.0000115 seconds
2023-04-27T10:56:24.539+0530: 41.815: Total time for which application threads were stopped: 0.0003161 seconds, Stopping threads took: 0.0000705 seconds
2023-04-27T10:56:27.540+0530: 44.816: Total time for which application threads were stopped: 0.0001944 seconds, Stopping threads took: 0.0000493 seconds
2023-04-27T10:56:29.378+0530: 46.654: Total time for which application threads were stopped: 0.0003482 seconds, Stopping threads took: 0.0001482 seconds
2023-04-27T10:56:30.379+0530: 47.655: Total time for which application threads were stopped: 0.0002032 seconds, Stopping threads took: 0.0000574 seconds
2023-04-27T10:56:36.380+0530: 53.656: Total time for which application threads were stopped: 0.0002587 seconds, Stopping threads took: 0.0001229 seconds
2023-04-27T10:56:44.622+0530: 61.898: Total time for which application threads were stopped: 0.0000662 seconds, Stopping threads took: 0.0000232 seconds
2023-04-27T10:56:45.623+0530: 62.899: Total time for which application threads were stopped: 0.0001706 seconds, Stopping threads took: 0.0000489 seconds
2023-04-27T10:56:56.957+0530: 74.233: Total time for which application threads were stopped: 0.0001982 seconds, Stopping threads took: 0.0000815 seconds
2023-04-27T10:57:06.203+0530: 83.479: Total time for which application threads were stopped: 0.0000858 seconds, Stopping threads took: 0.0000314 seconds
2023-04-27T10:57:06.205+0530: 83.481: Total time for which application threads were stopped: 0.0000603 seconds, Stopping threads took: 0.0000263 seconds
Heap
 par new generation   total 109248K, used 32413K [0x00000000e0000000, 0x00000000e8000000, 0x00000000e8000000)
  eden space 87424K,  23% used [0x00000000e0000000, 0x00000000e13b85b0, 0x00000000e5560000)
  from space 21824K,  55% used [0x00000000e5560000, 0x00000000e614f1a0, 0x00000000e6ab0000)
  to   space 21824K,   0% used [0x00000000e6ab0000, 0x00000000e6ab0000, 0x00000000e8000000)
 concurrent mark-sweep generation total 393216K, used 0K [0x00000000e8000000, 0x0000000100000000, 0x0000000100000000)
 Metaspace       used 20403K, capacity 20798K, committed 20992K, reserved 1067008K
  class space    used 2355K, capacity 2525K, committed 2560K, reserved 1048576K
